<?xml version="1.0" encoding="UTF-8"?>
<!-- Generated by org.testng.reporters.JUnitXMLReporter -->
<testsuite hostname="Akalya-PC" name="TestNG" tests="2" failures="2" timestamp="1 May 2020 05:45:59 GMT" time="2.307" errors="0">
  <testcase name="Logwrong" time="1.727" classname="com.datadriven.LoginInCorrect">
    <failure type="org.openqa.selenium.WebDriverException" message="unknown error: cannot create default profile directory
Build info: version: &amp;apos;3.141.59&amp;apos;, revision: &amp;apos;e82be7d358&amp;apos;, time: &amp;apos;2018-11-14T08:25:48&amp;apos;
System info: host: &amp;apos;AKALYA-PC&amp;apos;, ip: &amp;apos;192.168.43.63&amp;apos;, os.name: &amp;apos;Windows 7&amp;apos;, os.arch: &amp;apos;x86&amp;apos;, os.version: &amp;apos;6.1&amp;apos;, java.version: &amp;apos;1.8.0_241&amp;apos;
Driver info: driver.version: ChromeDriver
remote stacktrace: Backtrace:
	Ordinal0 [0x012F0C83+1707139]
	Ordinal0 [0x012568F1+1075441]
	Ordinal0 [0x011CDFC9+516041]
	Ordinal0 [0x0115F857+63575]
	Ordinal0 [0x0115C6A1+50849]
	Ordinal0 [0x0117BFD7+180183]
	Ordinal0 [0x0117BDDD+179677]
	Ordinal0 [0x01179D4B+171339]
	Ordinal0 [0x01161D4A+73034]
	Ordinal0 [0x01162DC0+77248]
	Ordinal0 [0x01162D59+77145]
	Ordinal0 [0x0126BB67+1162087]
	GetHandleVerifier [0x0138A966+508998]
	GetHandleVerifier [0x0138A6A4+508292]
	GetHandleVerifier [0x0139F7B7+594583]
	GetHandleVerifier [0x0138B1D6+511158]
	Ordinal0 [0x0126402C+1130540]
	Ordinal0 [0x0126D4CB+1168587]
	Ordinal0 [0x0126D633+1168947]
	Ordinal0 [0x01285B35+1268533]
	BaseThreadInitThunk [0x77511174+18]
	RtlInitializeExceptionChain [0x77CBB3F5+99]
	RtlInitializeExceptionChain [0x77CBB3C8+54]
">
      <![CDATA[org.openqa.selenium.WebDriverException: unknown error: cannot create default profile directory
Build info: version: '3.141.59', revision: 'e82be7d358', time: '2018-11-14T08:25:48'
System info: host: 'AKALYA-PC', ip: '192.168.43.63', os.name: 'Windows 7', os.arch: 'x86', os.version: '6.1', java.version: '1.8.0_241'
Driver info: driver.version: ChromeDriver
remote stacktrace: Backtrace:
	Ordinal0 [0x012F0C83+1707139]
	Ordinal0 [0x012568F1+1075441]
	Ordinal0 [0x011CDFC9+516041]
	Ordinal0 [0x0115F857+63575]
	Ordinal0 [0x0115C6A1+50849]
	Ordinal0 [0x0117BFD7+180183]
	Ordinal0 [0x0117BDDD+179677]
	Ordinal0 [0x01179D4B+171339]
	Ordinal0 [0x01161D4A+73034]
	Ordinal0 [0x01162DC0+77248]
	Ordinal0 [0x01162D59+77145]
	Ordinal0 [0x0126BB67+1162087]
	GetHandleVerifier [0x0138A966+508998]
	GetHandleVerifier [0x0138A6A4+508292]
	GetHandleVerifier [0x0139F7B7+594583]
	GetHandleVerifier [0x0138B1D6+511158]
	Ordinal0 [0x0126402C+1130540]
	Ordinal0 [0x0126D4CB+1168587]
	Ordinal0 [0x0126D633+1168947]
	Ordinal0 [0x01285B35+1268533]
	BaseThreadInitThunk [0x77511174+18]
	RtlInitializeExceptionChain [0x77CBB3F5+99]
	RtlInitializeExceptionChain [0x77CBB3C8+54]

	at org.openqa.selenium.remote.W3CHandshakeResponse.lambda$errorHandler$0(W3CHandshakeResponse.java:62)
	at org.openqa.selenium.remote.HandshakeResponse.lambda$getResponseFunction$0(HandshakeResponse.java:30)
	at org.openqa.selenium.remote.ProtocolHandshake.lambda$createSession$0(ProtocolHandshake.java:126)
	at java.util.stream.ReferencePipeline$3$1.accept(Unknown Source)
	at java.util.Spliterators$ArraySpliterator.tryAdvance(Unknown Source)
	at java.util.stream.ReferencePipeline.forEachWithCancel(Unknown Source)
	at java.util.stream.AbstractPipeline.copyIntoWithCancel(Unknown Source)
	at java.util.stream.AbstractPipeline.copyInto(Unknown Source)
	at java.util.stream.AbstractPipeline.wrapAndCopyInto(Unknown Source)
	at java.util.stream.FindOps$FindOp.evaluateSequential(Unknown Source)
	at java.util.stream.AbstractPipeline.evaluate(Unknown Source)
	at java.util.stream.ReferencePipeline.findFirst(Unknown Source)
	at org.openqa.selenium.remote.ProtocolHandshake.createSession(ProtocolHandshake.java:128)
	at org.openqa.selenium.remote.ProtocolHandshake.createSession(ProtocolHandshake.java:74)
	at org.openqa.selenium.remote.HttpCommandExecutor.execute(HttpCommandExecutor.java:136)
	at org.openqa.selenium.remote.service.DriverCommandExecutor.execute(DriverCommandExecutor.java:83)
	at org.openqa.selenium.remote.RemoteWebDriver.execute(RemoteWebDriver.java:552)
	at org.openqa.selenium.remote.RemoteWebDriver.startSession(RemoteWebDriver.java:213)
	at org.openqa.selenium.remote.RemoteWebDriver.<init>(RemoteWebDriver.java:131)
	at org.openqa.selenium.chrome.ChromeDriver.<init>(ChromeDriver.java:181)
	at org.openqa.selenium.chrome.ChromeDriver.<init>(ChromeDriver.java:168)
	at org.openqa.selenium.chrome.ChromeDriver.<init>(ChromeDriver.java:123)
	at com.datadriven.LoginInCorrect.Logwrong(LoginInCorrect.java:17)
... Removed 29 stack frames]]>
    </failure>
  </testcase> <!-- Logwrong -->
  <testcase name="Log" time="0.541" classname="com.datadriven.Logineg">
    <failure type="org.openqa.selenium.WebDriverException" message="unknown error: cannot create default profile directory
Build info: version: &amp;apos;3.141.59&amp;apos;, revision: &amp;apos;e82be7d358&amp;apos;, time: &amp;apos;2018-11-14T08:25:48&amp;apos;
System info: host: &amp;apos;AKALYA-PC&amp;apos;, ip: &amp;apos;192.168.43.63&amp;apos;, os.name: &amp;apos;Windows 7&amp;apos;, os.arch: &amp;apos;x86&amp;apos;, os.version: &amp;apos;6.1&amp;apos;, java.version: &amp;apos;1.8.0_241&amp;apos;
Driver info: driver.version: ChromeDriver
remote stacktrace: Backtrace:
	Ordinal0 [0x012F0C83+1707139]
	Ordinal0 [0x012568F1+1075441]
	Ordinal0 [0x011CDFC9+516041]
	Ordinal0 [0x0115F857+63575]
	Ordinal0 [0x0115C6A1+50849]
	Ordinal0 [0x0117BFD7+180183]
	Ordinal0 [0x0117BDDD+179677]
	Ordinal0 [0x01179D4B+171339]
	Ordinal0 [0x01161D4A+73034]
	Ordinal0 [0x01162DC0+77248]
	Ordinal0 [0x01162D59+77145]
	Ordinal0 [0x0126BB67+1162087]
	GetHandleVerifier [0x0138A966+508998]
	GetHandleVerifier [0x0138A6A4+508292]
	GetHandleVerifier [0x0139F7B7+594583]
	GetHandleVerifier [0x0138B1D6+511158]
	Ordinal0 [0x0126402C+1130540]
	Ordinal0 [0x0126D4CB+1168587]
	Ordinal0 [0x0126D633+1168947]
	Ordinal0 [0x01285B35+1268533]
	BaseThreadInitThunk [0x77511174+18]
	RtlInitializeExceptionChain [0x77CBB3F5+99]
	RtlInitializeExceptionChain [0x77CBB3C8+54]
">
      <![CDATA[org.openqa.selenium.WebDriverException: unknown error: cannot create default profile directory
Build info: version: '3.141.59', revision: 'e82be7d358', time: '2018-11-14T08:25:48'
System info: host: 'AKALYA-PC', ip: '192.168.43.63', os.name: 'Windows 7', os.arch: 'x86', os.version: '6.1', java.version: '1.8.0_241'
Driver info: driver.version: ChromeDriver
remote stacktrace: Backtrace:
	Ordinal0 [0x012F0C83+1707139]
	Ordinal0 [0x012568F1+1075441]
	Ordinal0 [0x011CDFC9+516041]
	Ordinal0 [0x0115F857+63575]
	Ordinal0 [0x0115C6A1+50849]
	Ordinal0 [0x0117BFD7+180183]
	Ordinal0 [0x0117BDDD+179677]
	Ordinal0 [0x01179D4B+171339]
	Ordinal0 [0x01161D4A+73034]
	Ordinal0 [0x01162DC0+77248]
	Ordinal0 [0x01162D59+77145]
	Ordinal0 [0x0126BB67+1162087]
	GetHandleVerifier [0x0138A966+508998]
	GetHandleVerifier [0x0138A6A4+508292]
	GetHandleVerifier [0x0139F7B7+594583]
	GetHandleVerifier [0x0138B1D6+511158]
	Ordinal0 [0x0126402C+1130540]
	Ordinal0 [0x0126D4CB+1168587]
	Ordinal0 [0x0126D633+1168947]
	Ordinal0 [0x01285B35+1268533]
	BaseThreadInitThunk [0x77511174+18]
	RtlInitializeExceptionChain [0x77CBB3F5+99]
	RtlInitializeExceptionChain [0x77CBB3C8+54]

	at org.openqa.selenium.remote.W3CHandshakeResponse.lambda$errorHandler$0(W3CHandshakeResponse.java:62)
	at org.openqa.selenium.remote.HandshakeResponse.lambda$getResponseFunction$0(HandshakeResponse.java:30)
	at org.openqa.selenium.remote.ProtocolHandshake.lambda$createSession$0(ProtocolHandshake.java:126)
	at java.util.stream.ReferencePipeline$3$1.accept(Unknown Source)
	at java.util.Spliterators$ArraySpliterator.tryAdvance(Unknown Source)
	at java.util.stream.ReferencePipeline.forEachWithCancel(Unknown Source)
	at java.util.stream.AbstractPipeline.copyIntoWithCancel(Unknown Source)
	at java.util.stream.AbstractPipeline.copyInto(Unknown Source)
	at java.util.stream.AbstractPipeline.wrapAndCopyInto(Unknown Source)
	at java.util.stream.FindOps$FindOp.evaluateSequential(Unknown Source)
	at java.util.stream.AbstractPipeline.evaluate(Unknown Source)
	at java.util.stream.ReferencePipeline.findFirst(Unknown Source)
	at org.openqa.selenium.remote.ProtocolHandshake.createSession(ProtocolHandshake.java:128)
	at org.openqa.selenium.remote.ProtocolHandshake.createSession(ProtocolHandshake.java:74)
	at org.openqa.selenium.remote.HttpCommandExecutor.execute(HttpCommandExecutor.java:136)
	at org.openqa.selenium.remote.service.DriverCommandExecutor.execute(DriverCommandExecutor.java:83)
	at org.openqa.selenium.remote.RemoteWebDriver.execute(RemoteWebDriver.java:552)
	at org.openqa.selenium.remote.RemoteWebDriver.startSession(RemoteWebDriver.java:213)
	at org.openqa.selenium.remote.RemoteWebDriver.<init>(RemoteWebDriver.java:131)
	at org.openqa.selenium.chrome.ChromeDriver.<init>(ChromeDriver.java:181)
	at org.openqa.selenium.chrome.ChromeDriver.<init>(ChromeDriver.java:168)
	at org.openqa.selenium.chrome.ChromeDriver.<init>(ChromeDriver.java:123)
	at com.datadriven.Logineg.Log(Logineg.java:16)
... Removed 29 stack frames]]>
    </failure>
  </testcase> <!-- Log -->
</testsuite> <!-- TestNG -->
