<?xml version="1.0" encoding="UTF-8"?>
<!-- Generated by org.testng.reporters.JUnitXMLReporter -->
<testsuite hostname="Akalya-PC" name="Test(failed)" tests="6" failures="2" timestamp="9 May 2020 14:24:09 GMT" time="0.069" errors="0">
  <testcase name="test2" time="0.019" classname="com.InterviewQues.TestNG">
    <failure type="java.lang.AssertionError" message="expected [paramu] but found [akalya]">
      <![CDATA[java.lang.AssertionError: expected [paramu] but found [akalya]
	at com.InterviewQues.TestNG.test2(TestNG.java:18)
... Removed 31 stack frames]]>
    </failure>
  </testcase> <!-- test2 -->
  <testcase name="test" time="0.002" classname="com.InterviewQues.TestNG">
    <skipped/>
  </testcase> <!-- test -->
  <testcase name="test" time="0.001" classname="com.InterviewQues.TestNG">
    <skipped/>
  </testcase> <!-- test -->
  <testcase name="test" time="0.002" classname="com.InterviewQues.TestNG">
    <skipped/>
  </testcase> <!-- test -->
  <testcase name="test" time="0.002" classname="com.InterviewQues.TestNG">
    <skipped/>
  </testcase> <!-- test -->
  <testcase name="test" time="0.002" classname="com.InterviewQues.TestNG">
    <failure type="java.lang.AssertionError" message="expected [grid] but found [webdriver]">
      <![CDATA[java.lang.AssertionError: expected [grid] but found [webdriver]
	at com.InterviewQues.TestNG.test(TestNG.java:12)
... Removed 31 stack frames]]>
    </failure>
  </testcase> <!-- test -->
</testsuite> <!-- Test(failed) -->
