<?xml version="1.0" encoding="UTF-8"?>
<!-- Generated by org.testng.reporters.JUnitReportReporter -->
<testsuite hostname="Akalya-PC" name="com.Advancedwebdriver.SortableExample" tests="1" failures="0" timestamp="23 Apr 2020 06:23:16 GMT" time="0.002" errors="1">
  <testcase name="sortable" time="0.002" classname="com.Advancedwebdriver.SortableExample">
    <error type="org.openqa.selenium.WebDriverException" message="unknown error: Chrome failed to start: crashed.
  (unknown error: DevToolsActivePort file doesn&#039;t exist)
  (The process started from chrome location C:\Program Files\Google\Chrome\Application\chrome.exe is no longer running, so ChromeDriver is assuming that Chrome has crashed.)
Build info: version: &#039;3.141.59&#039;, revision: &#039;e82be7d358&#039;, time: &#039;2018-11-14T08:25:48&#039;
System info: host: &#039;AKALYA-PC&#039;, ip: &#039;192.168.43.63&#039;, os.name: &#039;Windows 7&#039;, os.arch: &#039;x86&#039;, os.version: &#039;6.1&#039;, java.version: &#039;1.8.0_241&#039;
Driver info: driver.version: ChromeDriver
remote stacktrace: Backtrace:
	Ordinal0 [0x01560C83+1707139]
	Ordinal0 [0x014C68F1+1075441]
	Ordinal0 [0x0143DFC9+516041]
	Ordinal0 [0x013CD373+54131]
	Ordinal0 [0x013EBFD7+180183]
	Ordinal0 [0x013EBDDD+179677]
	Ordinal0 [0x013E9D4B+171339]
	Ordinal0 [0x013D1D4A+73034]
	Ordinal0 [0x013D2DC0+77248]
	Ordinal0 [0x013D2D59+77145]
	Ordinal0 [0x014DBB67+1162087]
	GetHandleVerifier [0x015FA966+508998]
	GetHandleVerifier [0x015FA6A4+508292]
	GetHandleVerifier [0x0160F7B7+594583]
	GetHandleVerifier [0x015FB1D6+511158]
	Ordinal0 [0x014D402C+1130540]
	Ordinal0 [0x014DD4CB+1168587]
	Ordinal0 [0x014DD633+1168947]
	Ordinal0 [0x014F5B35+1268533]
	BaseThreadInitThunk [0x75D21174+18]
	RtlInitializeExceptionChain [0x772CB3F5+99]
	RtlInitializeExceptionChain [0x772CB3C8+54]
">
      <![CDATA[org.openqa.selenium.WebDriverException: unknown error: Chrome failed to start: crashed.
  (unknown error: DevToolsActivePort file doesn't exist)
  (The process started from chrome location C:\Program Files\Google\Chrome\Application\chrome.exe is no longer running, so ChromeDriver is assuming that Chrome has crashed.)
Build info: version: '3.141.59', revision: 'e82be7d358', time: '2018-11-14T08:25:48'
System info: host: 'AKALYA-PC', ip: '192.168.43.63', os.name: 'Windows 7', os.arch: 'x86', os.version: '6.1', java.version: '1.8.0_241'
Driver info: driver.version: ChromeDriver
remote stacktrace: Backtrace:
	Ordinal0 [0x01560C83+1707139]
	Ordinal0 [0x014C68F1+1075441]
	Ordinal0 [0x0143DFC9+516041]
	Ordinal0 [0x013CD373+54131]
	Ordinal0 [0x013EBFD7+180183]
	Ordinal0 [0x013EBDDD+179677]
	Ordinal0 [0x013E9D4B+171339]
	Ordinal0 [0x013D1D4A+73034]
	Ordinal0 [0x013D2DC0+77248]
	Ordinal0 [0x013D2D59+77145]
	Ordinal0 [0x014DBB67+1162087]
	GetHandleVerifier [0x015FA966+508998]
	GetHandleVerifier [0x015FA6A4+508292]
	GetHandleVerifier [0x0160F7B7+594583]
	GetHandleVerifier [0x015FB1D6+511158]
	Ordinal0 [0x014D402C+1130540]
	Ordinal0 [0x014DD4CB+1168587]
	Ordinal0 [0x014DD633+1168947]
	Ordinal0 [0x014F5B35+1268533]
	BaseThreadInitThunk [0x75D21174+18]
	RtlInitializeExceptionChain [0x772CB3F5+99]
	RtlInitializeExceptionChain [0x772CB3C8+54]

	at sun.reflect.NativeConstructorAccessorImpl.newInstance0(Native Method)
	at sun.reflect.NativeConstructorAccessorImpl.newInstance(Unknown Source)
	at sun.reflect.DelegatingConstructorAccessorImpl.newInstance(Unknown Source)
	at java.lang.reflect.Constructor.newInstance(Unknown Source)
	at org.openqa.selenium.remote.W3CHandshakeResponse.lambda$errorHandler$0(W3CHandshakeResponse.java:62)
	at org.openqa.selenium.remote.HandshakeResponse.lambda$getResponseFunction$0(HandshakeResponse.java:30)
	at org.openqa.selenium.remote.ProtocolHandshake.lambda$createSession$0(ProtocolHandshake.java:126)
	at java.util.stream.ReferencePipeline$3$1.accept(Unknown Source)
	at java.util.Spliterators$ArraySpliterator.tryAdvance(Unknown Source)
	at java.util.stream.ReferencePipeline.forEachWithCancel(Unknown Source)
	at java.util.stream.AbstractPipeline.copyIntoWithCancel(Unknown Source)
	at java.util.stream.AbstractPipeline.copyInto(Unknown Source)
	at java.util.stream.AbstractPipeline.wrapAndCopyInto(Unknown Source)
	at java.util.stream.FindOps$FindOp.evaluateSequential(Unknown Source)
	at java.util.stream.AbstractPipeline.evaluate(Unknown Source)
	at java.util.stream.ReferencePipeline.findFirst(Unknown Source)
	at org.openqa.selenium.remote.ProtocolHandshake.createSession(ProtocolHandshake.java:128)
	at org.openqa.selenium.remote.ProtocolHandshake.createSession(ProtocolHandshake.java:74)
	at org.openqa.selenium.remote.HttpCommandExecutor.execute(HttpCommandExecutor.java:136)
	at org.openqa.selenium.remote.service.DriverCommandExecutor.execute(DriverCommandExecutor.java:83)
	at org.openqa.selenium.remote.RemoteWebDriver.execute(RemoteWebDriver.java:552)
	at org.openqa.selenium.remote.RemoteWebDriver.startSession(RemoteWebDriver.java:213)
	at org.openqa.selenium.remote.RemoteWebDriver.<init>(RemoteWebDriver.java:131)
	at org.openqa.selenium.chrome.ChromeDriver.<init>(ChromeDriver.java:181)
	at org.openqa.selenium.chrome.ChromeDriver.<init>(ChromeDriver.java:168)
	at org.openqa.selenium.chrome.ChromeDriver.<init>(ChromeDriver.java:123)
	at com.Advancedwebdriver.SortableExample.beforeClass(SortableExample.java:20)
	at sun.reflect.NativeMethodAccessorImpl.invoke0(Native Method)
	at sun.reflect.NativeMethodAccessorImpl.invoke(Unknown Source)
	at sun.reflect.DelegatingMethodAccessorImpl.invoke(Unknown Source)
	at java.lang.reflect.Method.invoke(Unknown Source)
	at org.testng.internal.MethodInvocationHelper.invokeMethod(MethodInvocationHelper.java:100)
	at org.testng.internal.Invoker.invokeConfigurationMethod(Invoker.java:515)
	at org.testng.internal.Invoker.invokeConfigurations(Invoker.java:216)
	at org.testng.internal.Invoker.invokeConfigurations(Invoker.java:143)
	at org.testng.internal.TestMethodWorker.invokeBeforeClassMethods(TestMethodWorker.java:169)
	at org.testng.internal.TestMethodWorker.run(TestMethodWorker.java:108)
	at org.testng.TestRunner.privateRun(TestRunner.java:746)
	at org.testng.TestRunner.run(TestRunner.java:600)
	at org.testng.SuiteRunner.runTest(SuiteRunner.java:366)
	at org.testng.SuiteRunner.runSequentially(SuiteRunner.java:361)
	at org.testng.SuiteRunner.privateRun(SuiteRunner.java:319)
	at org.testng.SuiteRunner.run(SuiteRunner.java:268)
	at org.testng.SuiteRunnerWorker.runSuite(SuiteRunnerWorker.java:52)
	at org.testng.SuiteRunnerWorker.run(SuiteRunnerWorker.java:86)
	at org.testng.TestNG.runSuitesSequentially(TestNG.java:1264)
	at org.testng.TestNG.runSuitesLocally(TestNG.java:1189)
	at org.testng.TestNG.runSuites(TestNG.java:1104)
	at org.testng.TestNG.run(TestNG.java:1076)
	at org.testng.remote.AbstractRemoteTestNG.run(AbstractRemoteTestNG.java:126)
	at org.testng.remote.RemoteTestNG.initAndRun(RemoteTestNG.java:152)
	at org.testng.remote.RemoteTestNG.main(RemoteTestNG.java:57)
]]>
    </error>
  </testcase> <!-- sortable -->
</testsuite> <!-- com.Advancedwebdriver.SortableExample -->
